<?xml version="1.0" encoding="UTF-8"?>
<!-- Generated by org.testng.reporters.JUnitReportReporter -->
<testsuite hostname="PCofSJ" failures="0" tests="1" name="testCases.TC_001_ValidLogin" time="4.299" errors="0" timestamp="2025-08-09T22:13:45 IST" skipped="0">
  <testcase classname="testCases.TC_001_ValidLogin" name="login" time="4.299"/>
</testsuite> <!-- testCases.TC_001_ValidLogin -->
