<?xml version="1.0" encoding="UTF-8"?>
<!-- Generated by org.testng.reporters.JUnitReportReporter -->
<testsuite hostname="PCofSJ" failures="0" tests="2" name="testCases.TC_002_LoginDDTValidations" time="50.170" errors="0" timestamp="2025-08-09T15:26:37 IST" skipped="0">
  <testcase classname="testCases.TC_002_LoginDDTValidations" name="loginDDT" time="37.427"/>
  <testcase classname="testCases.TC_002_LoginDDTValidations" name="loginDDT" time="12.743"/>
</testsuite> <!-- testCases.TC_002_LoginDDTValidations -->
