<?xml version="1.0" encoding="UTF-8"?>
<!-- Generated by org.testng.reporters.JUnitReportReporter -->
<testsuite hostname="PCofSJ" failures="0" tests="1" name="testCases.TC_001_ValidLogin" time="6.283" errors="0" timestamp="2025-08-09T14:52:08 IST" skipped="0">
  <testcase classname="testCases.TC_001_ValidLogin" name="login" time="6.283"/>
</testsuite> <!-- testCases.TC_001_ValidLogin -->
